<?xml version="1.0" encoding="UTF-8"?>
<!-- Generated by org.testng.reporters.JUnitXMLReporter -->
<testsuite hostname="DESKTOP-F8EP4R0" ignored="0" name="Test" tests="11" failures="0" timestamp="14 Feb 2019 07:24:26 GMT" time="0.085" errors="0">
  <testcase name="TC_7" time="0.012" classname="com.udemy.day4Test"/>
  <testcase name="TC_8" time="0.0" classname="com.udemy.day4Test"/>
  <testcase name="TC_5" time="0.001" classname="com.udemy.day3Test"/>
  <testcase name="TC_5" time="0.0" classname="com.udemy.day3Test"/>
  <testcase name="TC_5" time="0.0" classname="com.udemy.day3Test"/>
  <testcase name="TC_6" time="0.0" classname="com.udemy.day3Test"/>
  <testcase name="TC_0" time="0.001" classname="com.udemy.day1Test"/>
  <testcase name="TC_1" time="0.001" classname="com.udemy.day1Test"/>
  <testcase name="TC_2" time="0.0" classname="com.udemy.day1Test"/>
  <testcase name="TC_3" time="0.0" classname="com.udemy.day2Test"/>
  <testcase name="TC_4" time="0.001" classname="com.udemy.day2Test"/>
</testsuite> <!-- Test -->
